<?xml version="1.0" encoding="UTF-8"?>
<!-- Generated by org.testng.reporters.JUnitReportReporter -->
<testsuite hostname="DESKTOP-EK96MV0" failures="0" tests="18" name="swagLabs.Products" time="30.197" errors="0" timestamp="2023-11-30T07:47:47 BDT" skipped="0">
  <testcase classname="swagLabs.Products" name="products1" time="0.273"/>
  <testcase classname="swagLabs.Products" name="products2" time="0.315"/>
  <testcase classname="swagLabs.Products" name="products3" time="17.556"/>
  <testcase classname="swagLabs.Products" name="products4" time="0.566"/>
  <testcase classname="swagLabs.Products" name="products6" time="1.732"/>
  <testcase classname="swagLabs.Products" name="products7" time="0.774"/>
  <testcase classname="swagLabs.Products" name="products8" time="1.080"/>
  <testcase classname="swagLabs.Products" name="products9" time="0.254"/>
  <testcase classname="swagLabs.Products" name="products10" time="1.119"/>
  <testcase classname="swagLabs.Products" name="products11" time="0.232"/>
  <testcase classname="swagLabs.Products" name="products12" time="1.052"/>
  <testcase classname="swagLabs.Products" name="products13" time="0.241"/>
  <testcase classname="swagLabs.Products" name="products14" time="1.081"/>
  <testcase classname="swagLabs.Products" name="products15" time="0.247"/>
  <testcase classname="swagLabs.Products" name="products16" time="1.054"/>
  <testcase classname="swagLabs.Products" name="products17" time="0.242"/>
  <testcase classname="swagLabs.Products" name="products18" time="1.085"/>
  <testcase classname="swagLabs.Products" name="products19" time="1.294"/>
</testsuite> <!-- swagLabs.Products -->
