<?xml version="1.0" encoding="UTF-8"?>
<!-- Generated by org.testng.reporters.JUnitReportReporter -->
<testsuite hostname="DESKTOP-EK96MV0" failures="0" tests="9" name="swagLabs.YourCart" time="3.039" errors="0" timestamp="2023-11-30T08:45:19 BDT" skipped="0">
  <testcase classname="swagLabs.YourCart" name="yourCart1" time="0.264"/>
  <testcase classname="swagLabs.YourCart" name="yourCart2" time="0.240"/>
  <testcase classname="swagLabs.YourCart" name="yourCart3" time="0.246"/>
  <testcase classname="swagLabs.YourCart" name="yourCart4" time="0.249"/>
  <testcase classname="swagLabs.YourCart" name="yourCart5" time="0.235"/>
  <testcase classname="swagLabs.YourCart" name="yourCart6" time="0.249"/>
  <testcase classname="swagLabs.YourCart" name="yourCart7" time="0.503"/>
  <testcase classname="swagLabs.YourCart" name="yourCart8" time="0.280"/>
  <testcase classname="swagLabs.YourCart" name="yourCart9" time="0.773"/>
</testsuite> <!-- swagLabs.YourCart -->
